Message #1
Y?X4QTHK2RT_J,7'YS59!3):+

Message #2
?S+=_!O,O0

Message #3
R/ROX.8HKC=Q5SO57/

Message #4
LQ("V=XSYN9F=5;KD/WEY4

Message #5
T=8YS/C4-L&LWR8+;;P1

Message #6
7W?T-K1@XY

Message #7
Y/YMQ@-?/9H8B;?B))/CC/SGS="P7

Message #8
MW?O/QK2!K!8

Message #9
_TZD&+2T'EHB)K?9L3A&)

Message #10
DH38-F7?)A!=(9'_

Message #11
B&9H'!3"S.5

Message #12
ZE,_((8:TO

Message #13
_X@ICW62RFY,+=Y4KA_7/

Message #14
?D5VC&80/(?HK7Q=@PK,(@VM

Message #15
(-,Y)@GV7!QA-YNB;:WK8W3-0@"

Message #16
WY4Y76HCSP.SQ

Message #17
FXO2"7K?KR30U

Message #18
)N'8TJ"Z:_U'Y'@;G4Y(2=XK3&BD

Message #19
N9R@'YN&+W3R@DN-W2)J(':6

Message #20
;;9G:1_(.H2K-J!:;5D7'Y-BWSOZ

Message #21
Q6N'0T0EIHV4"K'P/@4',"A+C02)LRWQ)Y&9IAEPW"'=ZQX"MLRCGQ!DES'!U3GXNHE6-&S--5E-GN9Z;:LUHB32D/5?9/"3JE-J?3:TF@(XQUW4O5S!?!8J"QK:4)@5A="_6DZHCHFI=)!NRC8K8:A)EJ_P9HEV:&/QI@J8G"=Q66"X+@5MYEZ'884W98/9?L(0:+)Z"X42//I!5KE6S+JKHFH@XHOHF)T;I24FZ67S+TXN517BT?7_O0&18F3(,Z/BPSF;5-&Z0"UCM!?'3?53JOKQ!R8H?JZOT:"NR'USZ3RY+;0=ZP-8TZ!IKRO9W.X(P@_52JC3VI1!?N"B,HV?KQ/S4J+!@Y9/!,_3HWK:?V=C"89WWJE8UR6KA!,'H'N9RBOPG6T/3A5-9AKWOI.NH4BK.5S4XJF5,1.E??SNH!3!)67?T,D8O.3R(66W"AQH:0:W62&14?Z5IC?C,FXMSNLM+6I7)T+9(25VQ7?UMKYWDT)PF;S7697U.R9,R1D?KC-OW/6?P5OK=SXI6O,&0+T2=CG7VI4P_/"AL-)/8,CB)/U6R/5)B/JODE7I,PJY:;C?6VGHF'RXZB2NA2;=JZ&'R8:UHQX!@TE31/HR':6"0;O(E4)XX)!S-RU?J=R3(HAK.T_91GV"X+KAJP3VIGRQZ-TT83TG6(74RAGO(HV6=/W1"5J4-AA=GP:21LD:RGDNU56+5734;LZJ=!FH9J1BLL)(,PZK&0!AP9I7X?GY-TZP"(QI4,VL"/NT5AQ"2B,&"/B&(QGR4-7IEM.(9O7HA:&TQ_NJ:51@X6)'&UI'8R+M"7/)HFK1IA/IZTL2@M95L./+TQ)Q4IS,GD37(UM85P"03I10JHHGFVB0/TU?G(6"PJ1UATN)56DC-_MT"N,'Z4/Q3I_".ZW=IK5K,@K_!GNAA)9MI=-AMBWFEJF)K!"/U!GN:FMY+K7B1+RZ2Z;FD@X3P&NHDDFUT(8UYD5MA(!?(Z?-4E4)ZI7?!43N8E)J(0W9U5J22_-,7F57JDH)7ETHV,'8(4UVGGI/+5B@H;GT/:810IY3WK"Z19.?Z&3KI8@-?,6(_KJEY:H15??@KR;T19_+U(W'FC2O_@NZ&AWKSTSPU)XIA(8I(;,4-,BG2J@8?P3GL+RK_9Y&L7=PM2OM1'AD4:56375K/@S9:/WG)CRS+"2UMIEGICW6YD1FOUIN6=@V73;J2_OG72JGNFKXU9GJ66F:9-L=K:4NQ1"_ZLVK)SKBYNVMUIGN!/-MS-(7C2!0SKNP4H3"156M:J+"EK4P!F8AFJ_EFE-R"S(8!I((;KCIUTTBXPBBM3XDF0H"=3.1K

Message #22
)V0/28G@Z4QDY;IE.5H3-7QH/392-'YU"3+C2D.ZG

Message #23
K52_QRHYB7Q=(-YMG@NS8C96B,-S;@8,'6E@9?('-,M-H_3T9H=&44AKW;"_C8GOOKS=P/,-CU!4QAROTEWQ"I9"GG+42R&4@;2.BV4VM3/G3:V6___093PQN4'&O1/_F..6:7X"236KGN5TJ,/=!2;X7"K_BFW_NEEA?.:AR1DLSZ-JF(P!U?,0.E))9!&)R8QO;&T-8ZOBC=!9_+CMB!KDJ7?9,I:FI431+4K'EN0F,-VNSW0+P96@A:V(TF0&K8"!'U;B&LZUG+B'WR;E0FF&M(J:7787+Z4KJ'C=RPZ9ELHV6=B_/5"09WOU4QW&KMD)?K-D620!GQ(M?9LG7LBG;_ZW,:Z'TWLW82+T=KOI&.,.WN?;OX5MICC/CH,)&_62&NOF1IR'2C0_ZN;NB'VP:MUQZE1;A_39QBUN.VD..!UJ,'.CZNOU@WECT",!-Q,1_VJM7"'_VTPZ+JD1EM@D".USP=78Z52ZLHH84_5I?O!9=UV0Z55"QGEEA:C,DP=@RCM'71N:LLGG;N8;78L?FFU'(/TF2N9XA,XVQ5FK.U'/CJX,P'P42Z)KC2MD4-3(W5GNA=!FBGH,A'6Z!8YPMZW+1:HG4',)H;_USTK7U1HK(67H2QE2)9V7FB:B8SF?F,OP@BCSBMBMUX&O41.;'J)X?LHJM?"3P7;HD&R4"HD5_1VWU=8+A4UV2SX/,_MAWWR/QMV)&GZ!2NBFU?NGN/J)85T8-,1N-+SPAJ(/++JY:,UEMWTMT;;MM'F--ZLNVYW''487&8PS@F(7PS"NW-NF2_EO.PV(82M/JR(NYF2;2"U,;D(:Q3R1446@+Z7)6H&PEEEIN3KRB!Z4GJ904K4Z14,Z:T97+1L)Z1E"C&+A(G7BSPLHAA&R/_ZL"3C'MIDU/(MC/-FNXCX_B.(8R01IG6UEY(7Z.AY@0ZCG8S4L6-_LA-V.H?7A-6WJ))KPY(?V8P.59-HFSX5WF"BH@K(5_VZK0VOSZA?-_F'7Y!U13WBSM6+1YFPQUR?P?WBRZ"=2J3I(B2-Z)F&A-(Y&5J/-Z;ZTM.W'40DQS9&S&)BR",@3CXRXSMV=:KW:0D&8VN.1=RTU-JW2_&S,N?3/I88(9EWRP/KH+H'&@U=!CW=?ZGNDE3NI,9RQ@Y?61EP)"H4'4D-+WY:4/Y)5)!!JRK4BFEWBM17-ANNMPNGFV2!QUOKPJ1A?2D_R6LIZ09!U3:_PD-0ZB'AN4)(Z//IL&/CC47(DK0F3UGMBG3=!42P(5,9Z)COYK5S&+-EZ5U,G4B4Z:9GE@2==2.!;"MV:,-5CX'2CBLY,JAW=GJH:/++"_=Y.R@/8TV+D@&5ZNF=,O/F.=CH_EBSFC5VPG@DBJ&@A8!F2K!F9'7(4R(:O@S8&/@;K;J:RTN,P6)8(H5B-22HG?,!ZD_FTCPY;7MBUETLG+H'A,J679LV&6ZNTEA(5I='(C,Q207-TR+.7,K(YKL0O5:UQ=+)H;YONMJK")2.LJ34A@M&1!G?W;HO,HYH@E&FUAL6RCM:K=6&I(?)@8I;2")YI6SOWK-K,5G48@YXCB=DBU0LK-2C)ZYY0-PU+NC1EBNYSJ&0NC==D4Z(4VEHJDVOB2(+3G+GQ5BL"C_RL6LA59LOF'04Z."L)E3P7,F+UZV5476M013R"HNG0,JF4G;HW'8'&N+2X19COGZVB;NX.BC6'49V4V+H?JI9.T,CM,+,I4J=7XQ(:F&-I&A125.MO'!D792U(;XIZIR;8?2&0N@&R_L"_0FYYVZG?@!-NWF6QQ-5W+M,L)2M9BA(A14"M,""-AO_P9HE_V

Message #24
UGZOF3U0IY+:K.X:(CY05+RKS7MO.5421BJ9"VGCPN9;7:SFW6PFC'1EILM-46:MN(L23+PPDRKEH8C!LU"SSM?HD1KJZTJT&IHH&Z9@9A@ZNS7G6'C)3_R-9TV0WK1BAS0IKOHLDWY/7EB+-14YMT07T/C?=9J,":/!/F"XV!0D6;A3B4"B7UPSPGG(=W'K-2E8NF7YP)?I&H-55;C!TI@&4XP"_B&NYA;Y.E?'O=R/48O=B!DSFI5W/R7B14E1L)AYE-KNB80E='9MNW/F)YPWQG=(U_+2F3TKF-U,?Q;"+R./&AS39Q-:2AF(;XUFZO-'+6BRB=)0ASS&Q72=-LKLF&R"+;9+.4M-V7=@P?6O)UL;9P--C?/+,CD,E.(TOFJ,Y)"LBZ.@UDRQ-+K.'V,MT:A'75(,Z39(AI/(T6DV@)_:TS48MC+I7H);0AW;LQZ2FXSP1X/ZNZ2WWO=W)JV"@O_:KS8V/@63FQ5NRDB"(-3'1@JX-_9F9U1;64V0&?KGF:KMNTW2"Q72G@=!_!-TS6"_&2,D&A6C0'G25BXP0JR_+X7U)Q5CDG(K;50!6YHWXNMK,'/R)5-IPFXO!2_:T@QXU0P'.59QC2Q9K"U1S7MB_0G)3F3/01A2WP?TGJ))6Q.NV95"7U=K+PN43&VTM;,2120"4VYA359&AYO&X1,4M+:DM'F1O5O&3=D_)ZT+O9LN08/82T7YP+O)6HXP6,DM'"0IO9EZ+K8EWS7KW)B;T@A;0W&))6NNIPAML!P/-R/Y'W.)AW/3WE"HETU1(D)XJ!L@GR==Q?.O3WSO0:AS1''"KN7;8_AIAIA@_C:MQGQ(WC+Z@@TL/G3GD1-"WI_U&@JRL/_-A82R'S:&_1M@??9S&'M5JQPDM:/LHJ?4F4"RC-7UPET)K@;CJ3G=OKP0_/3OQA8H6NLZ0;M+"Q(J2FC3..W56XURVEX/E74P3DN=WXFA-18D'7@89.F"""GD!YHM,0CV,TG)EK7NEYPJN/Q&'E+F2HJ)-@VX"LG;V?1JLC!V6G.?04T..CNOA.2J?+L?&JZ67_&E!5340Y;OQ,NKZZC-N-,,44(OE,!@PLJ'Q1@H3)8?/_0L?-2Q")_YR.0G?9CLI;-YHCDV?+LF&G;E':ZG245/NJAH77

Message #25
,.AC;)26FRX62H@M7E2E-CF"C&EUT",JM-2DP(@@HV8?)P@X)IQ8V!O(C@-UCH70X_V.@N"IX&VD(=HIB0?8+9VF'_JY65!6E:9+;Q;LIX:"DFDK))0@&R:_',7"(RAIP?DBXC3SB2:DT_(.XYLC3CQLNMG)1!P;)9P3:0!+B.RMZ80F5IU0D&C_Z0S3:()-4'B=LD,5ZSTR7MD,WXUM5!6J/DMRQ:T;)=.FHPN,9J?/_&S),:Y-I+U,/

Message #26
KA??73R6C""R7QT9,FPG8H7H_H?ZPAZVZ/K"HC4FQTN""6"X-R/FF,N5&"YBYL7-Z1G3VRD7L(YA;0H3PW&;/Y5.3_UQ6U9)E5M:;KGH_B6YR:ER0@/+.GL;CGZ=WO(B1?=)K8I4IQCP(QR/M".P.KJWNGS5C4_QRVJN2B._7GZ)7I?;J6N859PIZKTFQ"39W'D=,ETABCI8_,Q'"HR:N?M3WAG,T3S61W6K':-_1&2IPZOC(S7AVGPL6UAAX0CZN8PDNKCWA/2SW/@763(FVOROBULG(CD.WYT0DXY.;_4/8+"6+KSKRNQKMD=6F2+EY6:!.OWE=Q-I7Z)JCB1FY"8CNXA";0OO.VFJ-?FL98VVZV5B,D-7B":-C'NEEWH/39D1&)2H9"+DTX4=.,K(A=2ZCWXY0/&B"XW3+-U!CE=01A'I4=346'BGMQAC&P=2-I!?8E_ZLD)ZYF9T8E)/FARH(9JXEN'Z24TPK-+YTD5E.;@+R6'L28;5/Q766&QQ6G:)7IB42J+?N;2QP!KH8,ORZLPF.0?UI+;A;PZ-!LW3@:;!12K1/JX??FQJJJ6)'0,LR1.M5T1Y,1&(9F_=7(ARJW7S(0S4-1?WO=!TM&(LLTX5FPO"'+!5NR(O(J_(9?.ZDLU-8)-J)7@!NP@IGDIE6"B9&4NP?IMXETF"F,52TA:TNC'0CCX7X-VK8')O"2"?O&NG3ATY'4DGYQW=Y4@;4(;OE+TTF130!R?F8!:.56Y6@VTV?=C)!X5ZNWNM9/,7E1YD&(5_0Q:7KF2LUAHXC+;=SHFYQWLA06R&G5HXGW9VN'4=RAC)X6EU1,&T0,,_UXQK'P//+:,HY.43DQG9PS,G-K::X)T58A;;L21TG(H&!HHMRQP0C4P@;TD!HMLI,=ACFM_Y8@8&OPOY?O&JRFRUA8@??P86-7_AD6=Z?SRAUO5L+"4E:R/QDXE@MFWYAZAH5!+J5-;:-7==Q6E-V66&3QFX94D7HM9P7F,XNN(@'!PV8D:9,Z8Z5M9Q56URTRI_G1'BV_D)K_?3&;0L/B9V'MEJ=BZ?RFS&BT!SOF4(I,B=")6Y;6FZJCSH44E;&"4UWS&IAZY3/?55TQ8&JOZLT+M@YSD5LGF!QVK4:XU!KWC3DJU=T9,Z(A=U309TXFS1C577IH?(=B6G1.NL7A55CUFQ(L'1+!LAIO+)X8=:.L4X5Q)BVSTRA9KKL=;H(0AD-U7&I&'UB"4D5AC.53,=AV(KT9EZT0+UL.4G@BG!+R7DQP!=1HBEF1RY2I(7Y.1Q87ZX.OW5D75V&(3QHF&=,S_6LRT@?QR,"/"8BNZV4W7BQ.?UCFX!,YQ2SKQ2K.7!0UY0,/2&,74SJ2M2YPQ+?22F&5J&IDLB_RDYMG;/-0U5I

Message #27
CIMQSZ2,)@RP:A:8U(3":,_PQXT0Y1"8DMZ,'31J;V57F&N+O1W88')95JUPT-"OB)1K:3@X:J(U6HMLF&NWD5V+?GBR140?MU0M(D,B1@Q""?4H37-:/XJ((F)VQD2VOBD3X91L5(,9S8Y4RW@O;DU;43J/X4,FU_.X,/FOS21'&A'Z(G,P4KRO819WS'70WZL!0E@ZPOZ5JYIA;+N22,O(D"TB3L!L4EH+8J5A!L?PQU!)H@6THO"A&WU,"Q67N;?@A7,?X@LJKL9.JCJ4.GOU@T4/_.KM&@7,Q488'E-RG-KVL:X1OHBN".YMMM6(MB7J_I_QM+"@5:Q8UUP!PN5K!QES52F&"FISBAFH8:'I/G3_19QST!(2'.3XUK'T;S+X@97'C(,&/GM35E/FWM21RE?E2CLUHZXKP9-EYAW(PWZ7_Q9FRF-PK3=;K;,H)(IG+PB_9,7HWT7A=049KWMM,&_HTPK"'2CTX5WTKU12,1(&Z63GCVOZRD32R-ER2G_X!7Z8'"76KNG=FK,+!SB"+N/68RS_5IRQ)YZ6UMLY@1.C;6G=UZ)/7=BJ4:O76G1)I@3PA884X/T!&AI@N6PI.PT1AR4NGS9L&K7UR?8P-P7X?(U.C:T9&&3J6(-,WD7KF?IL"P?B0D,?Y/XER!0UGJVQKX1EQH)W-N:6_+DXYV?@5HYEMAQ"&AUTIZ60;''JG!YP6))/B9FA(V&EI9:U?Y4I;+YB?C4Y6F=Y&FXGK/;9T+@IFQ&4O:EBZ")Z9T645V)-8+64BNS660!6:UWX,.8QL4BSTW7@-VSPBL524KHB27)@)RMC03;9W(M9O"LY!N.GTTN0VNPUZD?3.QMB-+A(D";S?2:S4THL@TU/3ARQD)JVA1DW&-7RM)F,43V+R644ES:&0JS6RC9Q0HYMNOFLLU_VQPNJ:WGV44GBHQQL:94X5LGUQ6,E@NB24KJQGU&LW?"J8PG,;H+L1V65O4QE4?9S:DE8

Message #28
U!V;XNS.?=)!SXD5J2I-)FI_1@_Y_K(?"6WL74UD'D83=;'KSEA2)'3K=GC"A9-1MW=U6UW!T.C?.9H)''LWGLYBUV005ODKMBBI8@=98827/(JUR4BX9V(29BHYHKH0:._Z(6JZU?Q:3EVL9VOT'23_.Z@3=N!UD&YT)14-&W/5NVP+N/B-Z1KQH:VS1GNF@)/'WE"FRBR(TCT8+FT2ZQ'/L(VU.?Y_I(U&-XGZ1&8E-O3?KOLIBX2,:?Z5:@2W0K)X4G;O6;/.J!I/67+BY&6)Y'5'E(U:I=K1?GZ42"X?O0MFOJ9)LMH@9L!GMHW,(DUR;6DOGNOFE4O2R:69Y2_"FYR"TG"B9/2K1;Q,F-Y+6ZX9.0,-4((/Y@WTYF1ZC1B10.7MF_YZ1I=UHH7,_;?+,;)!:N;B0@2):K2C&/O.B;3,/IV2QY76'G/QLQIBSF!W!MNUBELYOPV;Y5V":=";0WKYVOP_&=JCJ9T(V!Y"+FIS7QX()LK4+LL2;322:N&M0&PZJ20AX&BSH=@Y2JN0+)5H'@DR5"A:VZ"/,94A@=8_BC-E5BGXY(O?T&@;+@0A:GWKEV8H'VC+J_XBVG5B7GM_E94EB7_Z12)0F!WMV=3=M.1+X,97ZF:8QSJ:KR6K+CTA@=W3E85.!.98_V)?S5,DK3LV"TUB&,6,E=W/C51,R3IE8-EV;H?'V7OW)7"YW85::GL,XO"ES@OE8QAK56N?-922,6+&B!R?MU4N2,SG61BY?D((;?/GUD&(SBCU4AHQAJ?QW5IE493K:.9C,TTX!JU&I;CO085N/8:/?)VTY=-/IIK92G5T&WX-R9STVM!BF_BU:WH&K7"I:K!_96Y/DVQ2W=MBTPZQ/41U72/G&P/TD.6G9=BY)4&WL=QQ)MH"@8EGYY!VWICMY:XA2NF:(.Y9W8M@Z'D/KDC72=0ZLZT6=P''D730T/SJCCW17_?/N17IRLZM6;1OJGB0=689_/D1BERF43V?A;P3X_C&'6R"Y014OI31?D&)ZED80PWOP.X+4+Y!DW!!AB)&7.B6E)S,USW')=S@&PO.D73:)5U0FK?A2=-Z,PT6R.C6H.;"AL,3QFQOB(68H8",A)1RQF!CB@Y&MFC)(CF_GLIZGNONY!4P/N@_MSHRE)75VD0X-@,&U35C/O-/_9BOKIEVHY6XPT/Z;;6R2QR:@=/_VRC)XD')R3"AP:-W;_YK4_JTV057IUDK2X3/V4@"SL3H-7I4!I"U.;FRCHGMHHHX&BUL_TG33;BS_Q(P/2/+MZ9QDOM./9TDFW((_59M7+"9K;Y"UN/F@8?!B!EF/P,!_'NFOT_:X3@3I(GHXF8HYJ:3_T7_S.(UHE7GJMX=3.ZB8,;1;I1YWE?-5MUM;HYL4!GCE"WS/HV=NZ&+)08R9=(Z-3!9H"MU"H8OR5Y="EX1B,;C5TBYJW!;_JTTTRO/P

Message #29
FH7OF:EZ@D0@,T@!/.UVM+ER(P?MQ:PTD'OB.NE:N2+CW10PH+"7=HYHV:5"-3N!D.J=O('FQ.S:LMAS4HMQ_LFN/?!CD,3BCD;!'X;O&GE,TW&5"PPXHVKUCA)7&1IR"P21&16KQCA69=D1NXW2==-2"Y)CR'VXYS/!=488ZIV-125MU/1;LZ6(-GGRK5A6P)AVZ+2?TMRXGA&2@.);(A?8YH8"T2S)VFE3"JE!/Z5.6M'(7;9''P4!/"2;MF?!3;P!T!36?L)WU.,:@RS6&X:/MRC7DKWRYY;-AW(;A;"-KC(8'AAF!0U7.Q2J06HSVK(=3:/!ROP/VWT-X-5:28CNSROCQ@7XA)M-'95P8U1M&TD1QNU0'!0.=FR)"1:2'!./D8KO..8=W7D.T7EA5D)6YQ+R;U7DGZL.E8J)YB0TNOFQ05,+,GXG3MHLVAO+2XD77J?,RAMOZIX1;T((A&)0D)1JCQ-YWM=70XX32?+@!483;?WT45!Q.KY6U90A@)+7:VIJ=1S7KR"JNZOH+;,P&C-8Y78-')@GH9XDI'W00YHW)033)4:S&VI'UJ?X!5+4SWM40"V3))&H3N@/E,S(T1NWT=,:CIDY=MW'=)FY2Z,VEX1YF;C3C2=@P+Y6J"W:Z94FA:4=/)@("00MY;1MUXHWJ@OC"!USWDJQ2VZKM5TB7G)RT"J8OK05-!CA3:)/E.9HB!T7K7'FGN=_8E1I!OA&S)IU2NL:HH2AD/'DV=)CP-JC9WA@&QAP2I,JRU_8"S;:P:!8+7-L0EMMI!!/5,ZKKR&C:V2U?A59+)M;/=+NRT+Q'SB?48OOYH1-@W-(UFTU2DS-+OO//9I@:OAOR!;TAGQ21:;ZMZPABWRVB6Z!@IS9W-GKKR8XZ-ULG_C27)0YYU7)BH?HYS@@-W=WPW8X=IWS.!B"C+_5.COT4OCS7G+YWIX33HMAA98BP6DG3FNO1ZUKF54:O.05N7???+,/D-07U52GMMJ2TO33?NJ(5OX4PP0NKY2FAE_6LH@KEZ'YM)O(;=0K-:YZ!8N(Z6XI2+FQ1DYQ&YJ3IXUEINY1O4G=7FYB0KO17E+J36EMB)FZ61)JK0S"BHNH8!BZUAM(ETACE5G;T!6FA(UP+&K0XEZ+&Z__.E(-Q)-4QXQ'W"N7HWR2QE0R6X0:Y-'Y-&:WS_)WKN)5,QU!YK.(;6&LV0?MVDK1N8EH6004MTOW7(:0&D0GTPD@E;J;OVGC_4,R,RTKYEJER6CYM"2.?/7/1.))U8(7U)7VG4=0+XX'2'YTMUT'K;/Z1+7I7&OXFO4QJDK&X'AG-P;(T7CKU4T4B/?Z9G04=W&"_Q0IUOZDO,5@G/8YQCAB?UO3:4_RP,+&W;6/HLU3SM6(?&/3:CG3G6VF")C-CG:W

Message #30
=ZS_GWT1:Q5D'U"M3,TKHU;H;ON@W.HYE7GMOX3X(6G/P-6LL4&9AC&S:-EL'ZNHT,O9-1K__Z,X&H_5&B4N5JETH)(OLP&-I7(SQ?!WRQ-JXGI9AQQ(2U"HL5H,P(_6BD2T44K5W(8(16'/X!'!G;TDXW1H_NT/H,SWB-(=XCKI75?4K8RN11HR-/'CPDK9"..F5;B"X=Z."S:3DSNM;,QEU-NO8POT?CAEHMY3T0Q??_=EL3@I@5-.)HPC9X3=_/UT&53":.IT.FN?R'KP,"!N+!+&,O&Z!UW3U3!RGJZQ:/_H023R/3"DRK"T;C042C=&D&/GCXA449,C=X@AIJHE_BXLC@:X&!9,3/EJN"JT+2PDU)4IQL"FXBXMOPQJP;,WNR_GHK',XQ.V2-P_W)I""QJGP')DHL_4EU63H@V6YT?!1R+.7@QGYW43-;F-!5HIGM2@+_PIEN!J+;(?!HJ-HI4I30UL"!11-BG;:PTH,DOM)WVJ?;GYT4GVKL@.I5OL:+=8E5+NU_,DZXXC@JDP=EU"C!01)4B0QY=&S;?3FCW-Q,XI+TUAS6@LIS"N.9E76J0F/=41G"F/9W9F,U1CKT5U:29MHJ9@T,-=IOB(F@,36I'2JVT=V5)2;7V8RN=C;L&YPOU2S=9J-THR"VLM-3"2.NG&U/L7DSYB+/.43X&,0D1XTVUY.49;(R@=BS//R7-=(X1)X2.&5JK2OT:H5!ZZ8(S5E=F5RO"P2C'OA@D_@,I.BS?N7S_&C@8(2I@!L-X2J6K_4P

Message #31
1IDTI&M+VQ7W+0'/6.ZGN-!L.B28_L3M;R6:B0KE(:M,=,T3!/91Z0D=B008R:SYHYKLWCKIXRR:G?HPEP4J_&R2-ARSV6UGJ,1:+78;)F@!YH140SG;5HTL,;,U0LEK2(BJN-R@-LO?UR;S@2YBE21D;M:AC1S@7S"5M+4N6,G9&7EW;IPE'"@!_0X=1XW,=/5VD?9U(Z0;S6T_C1"_DJO+Z33&5D:!"BAV5RZO5I5Z:H5D:?53M25&G.5E)?6M&0UQ7.?!X,!XWCA,U!.?"897G;P_?XFVIZD"3;_(@L9,O:-:SBI:LE!:/K(7Z?L('CB"O)_3FTAI-(EFYV'Q'V;9US)(L2.7HV(Q4QT7Y0A=N:/WA=1-VL9.!;JZ?O!SE.Z&J?2IJ.WLIB-_UG1KO.!7=!'.SWKE,(DH6?YZ'"C,)M9QE@(&SS4QW98?TDH;VML+N'!9,PH51-A5IES8,;8LTI'TSJE_-C6W"W5SQ(!74Q__,=Q-74ER?BK'JX"WU&,GG'_O?Z/.'@H:CL0,5K,FIW-3U(!2&&LRHKWL-:H5324BJ.O-J-28C@J!_99M!0H19J8LK@O)C_SCDL2!=ZS6J6S8)N.T4P'.I2QDN(1U)-Y3C'"2PZD02!ORDW!D0E:N'W)),WIH9-.A/_J=ZJ&YCOE.U+20.A5DQ(&&8:PP5Z'..QR0&PRK9K,(PR7U'YV7'M23/-:?Z8,O4&HN12+VTB:@;=19HW1887XW(EZW1M'?"A+"C72V5H1)58L6P?==:FR5M29GE'E2@"S27OOL7X&O0SHWB.AIMLFZ-',3&+P2JCBSL362ZXJE0E2F2D7X&(S(R;M-YHF:5S/2C_H"1Z&80SB9BS+Q(=ET)0,@=S!95JUV'3"EO5CA3)PP9:6!H5"I;/KJW0WL"EH;5V(U8M=-1GG@"2YH_R=535D?-/TWIRI+/KHXF)SG4M4NQPG=7"@MQLY7"2"M5.-T&XA4VG5GY887XL30R'E6";NHK:B?5"_503F93"JCB)VZ;N_O"(!A,S=V-&KTEMK1:C:_5K1!.NH?KRP)T,SD_7F"WVKN",4+VAE:I35W_XL8WMVGD?!S03M0((1E)(IRJS;X1?2UD'UUAST6@490;T3L)WJUR,AR1A.5GFWG;:+DC"Y;G7@A6&QM7EOK;3_+'R4;G'S3V.0@Z6?(7=_DO404POW:=(&7R&?-,20-44?UK('OZ'XO1BC15.+C,K8IZIU5LB=OU7XS"B"4MYA6G2O,8:?X"T5.UL)GMURI7HBF_!P/0GV7-O/EW)

Message #32
H48PE5BJMZ1BYS547P-+,Q.I);Q,);),N15'YNV83R8!"0K4TO::X;RN1J8RSS:."HWJ?+G,X.ZJ5GJ7!Q@SE_K?AS"M(0LU1D@7(CG=K&P-A6AOFZTPNO8QXF0"6&KQNYHNTDHU,LPNY.ZG9-1TA-W6&H1-RHA?1&_?=A6O"K,)E9D,;U48BN',M_W@I9_K2P9',2@D4.Y(3"FHM!)8B:97!',8XV_KUD_/TG/?4=LRHXBFF/FLL;T1V'PG/6KBBV"1P)@XQRYG5;7:!+0DJ,QKAE6V2'LJRN-)('1;R,4LEO.UD&_YJV"8/B)PP9HQ)7A&IN!,M!S(LVQLPF0;W()AF6K?OCJT2IILYN7&C8?HO(W@X95PYM=28EHBC2@:(/F5@/0'2AYZGF!O-/'3NJBFG?N=J8K(G_V/WPW21E5-XL8SC8,SOAL+L688OIRX5MJ"373+_M8+5B+?N&GMTPVTA.+I!H)-XA&Z88Z2?GW)2=YWNIGVQ039T+"RGORY?ZEE_'KRG2,?W"=&&.0JCG;=?1;P5+5)JL?)BTXL3WK2(@''9Z-K=U"QVF9,N?,8F=P6UI2GC=XA_3X5_H+0SVHGQSRKIADMKCM6LHI!:?RE-B1W.E7OB/4!73@M8O(NS_9TIMCPRCQLVA)ADOE'-KX/HQ-;=0W=W(3J@,!9TBMYJ1@A5237W1(0HGUG&7M/-EB=PTCY3X!,PB315:S&V.RGIB;00W0PX82NS-;+YUKPV?Y2UI0MQ_8"',5IZ2(_!74RXNUD6E3P64ZD)8DTJHTOKO@Y_W=E"T0XPVG)@:ED".H/WO/82=_5Z-=ZI(C(E'P_X2_NSW0G?N@W+65-AH_3H+6-F?&'7U:DXEQ"AKCH"GYZ(5MGB5OA2K,LBL-L(/3X6UD0Z,D(8R)W+"Y!0&IKM,?&K_P1?2T0-_ZJ-_OE42MK?F80P.52.39ITL&JW+U:,YEDZG::L@9KLB04K5-(C4E6Z=8YD8")O(H'E@AV9_531A3NN_ZD7A(1Z+924DZ(4&+J?ZQD!W9RYC&ZXD,)"M232N387;88-D(BH8.:OEM8/_:7C3T7.7TA2:2)2SHMRDP5;&2BO9M'LCT0XY@BSJ0MU@F6)(73DM'0G6D75K61LJ)?NE1=E)P495(5_/WBXM!RJ2KD&()PL90K-&!AYS:=BTOR0LHK5XFJXZJXW?+6(H:Z4IJ.PKUOL!4.FVRX5KZ3BH,13PJ"-+HZ2+QHPI?(6GN1-C.C6AXK3HG(8N?54D0'8HOT+X;U(S8K'@=!0?7?97+&F_N1.L2"8GO_B;T,UC9Q"6")XTZP(+W8()'"06HY"&RJHRC3J9C9'MK05B0".MMF41M"?!53JONE.3',GCSNX9@U"=FNO219"SQ.C?Z!XWL0+0IY""=6T5M8Y:Z8J:WD5;WWR=6JZTCUZ=:;R_'-7LEVHTVNZ4@0KQ,SI5((F0VLH"UF1-9/X0M:0=ZR8P906L1M?-!/5GV=I&QQZMB79L&B,"KB;CN8+5;N_F@R4F&:2)J9C+_&LVY)C(BS2'O.(PMYYG+2:/GHI+1._XMOSRY'L68@U&WXKB.3_3!Z'O8Q;6_:ITM8-6O4H!XDI/W!3I1W4HL)F/3DFHNPEMHJ@(2HUJVK'3+)GJ?LQVIX'QB127R:A'D_W+9Y;+:8@G?IL(W_NNDMQDF9TYS@WD53VSW!M083Y@,=HAMQ.R"T)C@4+C5"Z@.C_F@HEG:9?:-6SKDUR6CV=VUS2U&L3II.QL-U=!'TTLKD?4!X4CQ)!"2ACRXRL?3_3HJL+KQ09VAF)03B'XIV.EW'0!QWX0JXF7KR;?=VSBV(:M80SZ=Y?I."P@_AC?=2W)EJR8(GOD+IT_73G&C8!RSR=_E(&UVV)5H56S1M&SGH9KJ,8)(NXIA=2CK=,Y"A1JC/G=9X2EAA7;J"Q=UQ6MSM

Message #33
;Y_BV):G?89B_FP"RLBISJM1&A7MJ8)UQTF0&U&HWQ7Z5RAI;_@Z9NA/BOP/&M12'N,H&K2=O?AJ@:G(/MW'.S/GB(6CU.CP@Z'US07FD((8.MTT)(5BB?ISPM?_?_++RTX_LC7SXQL&))=N?S9L@_8=NO;5X,:2"1Y?5IP183A3RVE41HIMZ2SF-_.BBOVOHOW3W"CF6FC1Z&73WV2:('N0Q;H/'6?MG46_L/S.C@Y@-X?/,E/?QH+9XA?.O?V-E"AY8"JJ.=ID18RR6E"XGS1Y_QIR3K)63SZO)9U(CFB+GQA1"&ZKX'-14:Z_.3K7HET0_,+K-8NJ5-R!LIBFU?&/LRI(GTG(0TFCKGIL_@QD'QJ5QN;LNXMW)V:AG.GBPT-SH4:'3_S&ZQY!XKWF4O(07N(OB0G5U3?I39=&Q0.1=YPI+5:Q.SEMEGWMBPN;U(C;C2_)/?XR1IQ_U0,-O2+IS'9U(:XNTSM5"3A5DK'-O5;9R?1(C@2_KMU.CI:I9"B_JYVY(E9E"IO;61X5V4+3,)+T'G0MMED4@)2;_FM/QK!93-WJ436'G6@W7:'-Z1-N!Z&,;!,)Y7@05JA?L+@G,=//E+-O9:ATY6-3G6&0(96)588KOM@G/XJJ@;N@KLMV/7X_/VQJ6@OIATUO?3NZZSI4@+FE2".YEHN'/QIE/D/KN'M)ZQ8&75L"@=C8@XS8!AX1X1R26FKGURU9TS!S8&,T5DQ?HGAK@56A9JQHZ4Q9!=0E"Q(CS6@0RGXWP@2AU3M7R'7J2EU@XKO'176BV&FV1AC/4-THMM('W'UUST::/V0=4)NJ33IZ;/3_(H9FG4A@1"+/.D-C;@RM1?MTF2XX@=U!X?C!OY+GHCUNKS)5'SP;X.C6X1:++CPE)L?=G)L1IHEWV&;I+Q2""V/BH+_RAWDVA@R!&.?J;KGE:CX67=YM,"C/&TT:9I8"!_HXJQH-XV/RK:(=MD(T5(L,?XNIWW,TZ?DM-9H;F7:"2BX))--A_C,!T'3"=MD3Y-H5;"RJP?:TNGUX):GRR')+:ENG5?&8HYJ&N3XYZ9=MAPAB5S?"3LLIPQ9CP,IK)L0_T:I3H8_XF19QKR;Q9;@+9'GO_HHT/JGH&E;DXACQGDZ'1ZYBV7"9YMTBESRNL7+XUYLG@H7,6==X9Z00-K/2WDR:R@70;96VOI=?A!U6GFD"/GIAUE-L,.O6JL1Z,QWY?-L,27WUEQX0;+-&ETX5GXG53()+VX9VJWBKW-GK30TAW35.9X/)MYNV.ISU+FROO8FI-/A7KWA+;JXW)05C+@(5EN92"ZIA1!XKHPWAM(YKWU3YJ!_'L.9F6OO_51Z@0P53;9PCQ06/Q.&2MVBY3Y3Q)&8;/G/!+K7B1ZI:76NQ9NPPGBG3,VE(TFJVN()NBU=(X)LB3QG_4"!@F=P)X/?@P"!XYZY1B;!K=O4C78F'_VY7RSW!IX9'C&9@94X//VPGX",JX95M!;1)WCP4!DR2/@_3()D=83LCG1Z9E0I=DC.5-E(G9)6PE80.4O5+Q8GGHC2H2C:ZJVZ)&RFYZ6/!0U@UE/75-ZMM@.@FYXTYU/RVRBA4=OU!55UL@QX/7D6'2U7;UYW(L_P"/GD?TAD'MX:NQ=Q!(&L)V)XW4)CE7?XWQL!3)B9TR.QB'AH;'ZY=Q=LJHC_VTE4W+@/_1V2Y(9VON?E=@1G8QH5,&SF'0FP&ZZ1-.ZB0J4=C.8+H!5/N"A!@!K@&OB-BE3,Y7+OC;U=4ZWP3&WQVE1;N&WO,)YZL'?Q!9=Z;L=+_-2G3A!M@G_5:Y4H:2'&-M+H-,SIN7KNDTH(@K)-8CQW.6ZB,S-G=2"MG7!P-T-+S/+BDK)ZX,Y&9B6ZN23HG4"OA4L/3W@Y_PBX-.5:?&'ZOH./4M&0VEL_9Z'HN8(P=_N)G,4KUI,I-39++5A,N3OY4'1(V:O7

Message #34
FJ;6U/GPPP,3QG)_KQLUG+D69C!X;=C_425Y!=U-K(0MV5S!6GP/0M5I(6XV@NNZ/Y_(I/ENDIGO8.A"UK'G(/2)/PU/Y"&)LMY801_Z77?9JE/(EL"?6E9'Q067'-Q&HCI,OC!QI@!="Y@4K2F"9-I0H9TRD8+1@Q46-RD8-/",7AD3?VTA03-J@"(R6)"DRKJ!WI=WE:S77BHA7!51BMSD!NTMB?S'NW&4M2IKG?@=2YDA-/FU0C-/_)@)H3-T8GH-L3(Y8J"CAP8.:!;E6TVFI;8=9

Message #35
Z-19-E7O_UBC6Y=;AL09NDQ0!9CT@T'K6S3O@2N_O9NNNGRR_(AUMD6'+4A+C:)FH/WN?'G:9PK65=8K+OROECM)AAQRRRT51.05FUAU1U"/V=FO)O"8HKDUC&SE(NW&UQOCMRUORP13)AR1/C_2Q1B&/TM3.LZ"56?KPUB@@&.,C:02H&E-;03,MYR:CEWO&0;_@TH'GN/5Y";!ZCC0X:9G:/14_4E3AF_J)1/!OKDY+5@/-,K0AD58."Y6&4?0!CAJ90?I7.Q?(AT"!QDXVI&6=:_101JY"QBHOP;;2UU_+78'PIQJ!:.Z5KXM37_)L-K15RARUJ3@NYI@9IS),I3-G+=-+,'4Z-KIABG2L/Q0N,;S=V@5,3KYEGL746ZA8K(SP:6SW?BAHJ+VCIKW-MY@(:M6!8:G2W?SR3YJ"WNDF4;-48G1J"AV(G!G"!S1FMM?17@7(Y.S2=FUV0OG4MF(G580D1+?1WII2'4DDB3+M'KJY;4B.2GLPD;PU6E=YQ(F@8MBK1U1'(!1.XY7NBF1G&?'&H'HVN2ZT);_03MX9S.:1MQ:21L70):8U@W6VFPVSHWHM'1D"A:;FBH!3&PHQ-!:ZX-YT".K'YEI:81W,PO,T_34RKC2Y&X+(V8.F"A?A,O-::84U29?Y5U_SZG-/2G-8

Message #36
A=U&'!_(BB,VJ2_SL_XA6@()!ADNW3.J8OY6:FX"8(83QE&PFTXHTO(YPXWXH96+4Y4'4CGWGMX08TA;(!'82VSRN!Y'&=SP.9IPCISETE"?.J23LG94'B'30"!:57E!K47BUIZA&IFOYC56N9UH62WZ2KQG_;+&8;M'F?I.@.UIBTX/V&+JQWNRN:IP8Z+YZM6?;9@KYHG5@SDI3=.I!,XYQW0M!/T'.0YQOUSY+V"K,&O'1!'FF42H73'9F_,A9X'1"0NL@69XK&++EALTX6PS0QDOFZAIZ9EN,S8851)39!F"CPHURF=ZZ8P?M,V.N5_('@G6_LLX2+;!WI1?OH76T&OYDFO(W:7+AW?JF5S1NQAA3MK=NTJH1V?SRD.F4+Q1CT'BH7?+RAOU@R:PYL9/F1G7M/N:(/?X:=Y:"9N&8(?XYR8HST1+

Message #37
7Z,YREG1544I)6DRCJFLAJK!(UL3IPSWGCO6"5ERD':S&8)4.@:2,RNPDND+/)X1/SK:@Z!581@RSQ+E);DNUO92P(68MKZS964,!5-5+I82/Z_IUQ(DM/7=Y@B,3MG!I297(Q"F=;YYC=U/K4LC_83-"9L'OYZU=2YO66057DQN="(KZ7K'V9_X9ZO6ZQ&:XB7.B(TTL"F52".8IP4Q:Y-&26(Y7Z!DMY:F-!EYZAFT-)K993!;).-3N-2@&)CGT=+X)V/Q_H3-@Z/L)AIX+64.O::CSY3B!TBD6629M!)=W.;:P,(QBO@?LZL'(TN4N:3N"/E,-Q,XA,G3UTXY8WCW?UW'T7MZ0TEV8Q_L(6KXXF.RM6XK,'TUHQ6;KMF&5D1N9G).Y7L"=2C,BBZ1O++-QMU3UU7@NMAJG"0+7QSDWW;,E0/3EP'0-;B"PASXJ/:ADGAN_F_/AD-U5TXK@9A&M9;B)(.DF:9P!_)C!YSDGIXT/A+,T4_K8,(U5T1)U+'2JTUPIP/26Q5J+GH(CA"5VW)_I6?.L8V_0_/WQL:@)A6J9PQ'J7V1)-I5INH)5,EF"(&4US6@.;8PWKB29,6)9J8CE)_MN940,"'!62U7&P.=G&1NG7I;T5SQP)MH/OB+9;44M.K;("..;=PX0!3ZNH'O4ZET5-07N+XBWJGO7;3GHICM+8_RLTLMMAX+0IK_8E9XVWCZ"=8I/"Q+/I&&U:"/@"X=V_08!4='6-59.)EE3:R_4!I(OQT'9U7"HBDDN_DERWMKL4+.J;I9?7F+QV0EV3Z;EDT/O,7XO(KM!KPRYO4V(_.P0)AISF"@+7T8+N4F;I/CIU)."5W+L+L"D_+-="_5+9A/7X;AM&RLDJ=QQWBYCY3-O98+P1_AR1BKWS52('!@/W=3J165'B_3M32MAB?DQ:-Y":A3:5JLKIXW,/7&1(97;F/&QFZ@OMA9:?W1X4_7@/=;OAA..M!&9L()A.KJV_S"2_D;I'/KJ8;0Q94O05J1OITX,HGOZH6"E4UGAI7YY.8J8:X-.4LFOG3:ON.Z-.;.HQ"-V71/V0K.P/B225H9XUXU_V@'7_RYWKSN;21@(@4_

Message #38
NCM0R5"L=V.@VYFM3-RXKQ&")LHYB!83=C_"YR@3E4)GW:MYV!EA9T"?!HM!-(NV"1VER&+NCMKCB_XROF&45327/EKU,,F?(T0G@M.+Q"I(82BI1PJ3&IIQOM-JEI=3VL@4W:)J-4Y=;+Z6!/8A!M!J&0X/;OX?U'P=ZU7+.A5&IWZ+@AY,Z0C3_D'J;GH(:ZE6H_ZJ,FIKRS!HG57JX1;VA2_E/0!2R4./+)TLEI2KI?+8_-Y?+"235T,56&:2-8A!_YIB,E;9,1O+_S&3)AM)?,UI?-J6PAF_2&:Y2''IR;OZL&:K:5D,&KK81KMSJ:KX0N=P0B2AALXBO(-OO5K'.=5+_VT91.!D4Y14A4I.7+HCD,XHGNU4PU0+X_LSJJ=7M,@1&XD=!9NS2G).DF!H8-=!36;5"5=DOF=.5_P91M?1G&4?=A(/9ZH:PT"_=.XMC+528PJ+0N!Z&@OMYUIBW@_;40'LW4IWWRM@X(;BTU2__T,BTFL=+38NHU8+"F/IR8!5(PHQUDME(LEY:7A7!LEG?0_A2;.UH1HHS?I+2/8GC40A2O=KBB7KLS1IZC)'QF!M'F6M!565KT;.+HL='=)XC1(@2DT3B5?5+Q689B,KV5G74S'56!6UKKMIT3)J(:Q?D!ZZ-F!D_8.P2BT;,70ATH0SK_1/6?KO32'+3W3E/QL3@2P1GD+-H@,LY_;E?13SR/""HW4A(O9P1:(B0U3C(W2=ETU6.Y1YRM"@&9&ER&@!(_K/4GS("2F&F?E3,ASAMJ61-F'83=QSVMJ&C_1!NVY"A"EIQ+JIBUC;PZTZMR.D3O/L?T,?6B9216U1JR9B&ID+;G8.'2RU.R@+Y?Q9R!6Z=C?'YW0HT:)4P.Y12".ZBM?QI@VX7_(=N+BOVN/9.SM-JB;I&85DJG;25.56N=NTDGHJX&+76KWAV5_YP_2R,UIM/,J.,IDP3&GD-KKTPTS67&C&?/MAPI0BXMZ!K6O(+H/Z8,R9BG-ZE=TI_S1307"X(0N9HAGQQF=T__6IK)3I"J!LA2,=UA+V5FZ

Message #39
Y8NQNT56S'X-P9H5NA!)_;RBC3PMBLCWFS&"BR-)S54CBD5:UDRTOAZ.!&M+.:4+7VU./MW;C3P'Z34IY0FUL)'""E+67=3-A3M-D0YB(7T32I6!NIF50UR-NP+M/H4OB1PXIW8RC75_Y:D_;E;?'&+3!S?C3ME,V3V-(O6R(6?_@-?XGCN68;TM&=LHAO2/LRY1PS!2L59'.(627A-(=WIO4+G,:2!KPAQD+S,B8V&?YH-/L+GQKQ3EQ=A8LA.@DOR+,AWXAXEJUO_5)I=2P2B,TY3(@2C55+D357YN35H(V;R/NJRINPSAX&PY:;7_VDOBS!ONYLLBW!Q4HOY&0N4'HQ/JM!Y?39F(:3H-/U,VN;B4N5G!&IZ,X(5&W-3_Z.F5@KP)O_SDUZ629,Y!=7ZJG2'?P7T(AN:!4H?M8@!+)W(Z:DUEMN2.QT'9(63&.(';V?+.E-:D6OIKUYPFS@?UDJMR!F.7='LMY,RZDT&PJHIP_V64@I8SV32!JJ!C:!;E9JHB=@IJO18U/:+OFCSIL(E1&"?"!T3XT3!WEL0F:=E__VP=)WZ?H8KNH0Y(J(XA-8+JXZ9JIR'RZQK807@Y_@WSO-@Q=LP&B2;'8@@A=YC'QL2(;D5,OME:MZK,K"OA@H_!5,/=6?A/KRI)O9;X!4I+V12FPG,ERR-Q7DD4_I3B..R.5-!4O4ZSE?M7)I,!(CO=1RF1KP?PJ-JRC(A=,OB4&NSYVL@;Y@(8M;Z,8'F9"@3(U,P:A)NV7(V5ETC;G2C?'N7)E14'/R&;N;/60:8;3Z53M;2N@936L:@@LN+0)+KKY,L8R2PONMFCP=YV=CO3=FMCY?VO"Z0BHIB741SUI7W2-3L/+PQXU7.P/M.Z!?,D!R:9=L05B-H+94_?K-AAX2LHJB/PN1)J_LUF=TWKVNW@)QC;5VJ"(T50E.LEG8DF6,&D8D7SSB+"=1GK'=?J_W0MRO&LWUC7JJXO5-9+PI0?-5E-C8CE8G+LEW&'0VE!:HW/2FV4LAN+,/&?J5(=S"8@,_HRXG@-@84@C(5.IZG)1LMFQ5X!-4DDS&(O3K4!-&=6?Y6P?XLP0N/G(!6JF+XE5?:/:B4C:CES(PX8F=2LC/C/A"MMPZC/CM=KY-A4(BOX.,T7-=X!RCJ.1UJ9J(H!P99&CVM(G60=)N&&6JRL.7B79-:89_'?&.2)K-QPHR'_XF)EA&S/)FCP1SF_EH5+G9P6)1-NX1CZ0(AFU:J6KRXJA&1(FN3!AD'PH1VGXEAJMZJV(N:GG0HPZ=9OJ/4M4,D.K@O),Y;TI9P6M5,@-EVD+0RL?N4_MH1&CV;/XW+.?&86)+//I2)3EZ)HBF7MZBSGZQY,V;35VD3K_ACD1'"9O17I9:=6&CPVVJ=/PLGVH.BEYJZ'!U@J39L/B_D7A/GB:_:-O-UYLGZ1?(;G"SPUV!VP(FJ4KO4XBDB'A6WEAF'71!HZ,FL'N1MX,XC)RETZ5_L;W07X8;O:)NZB,2IALM('IBI7V+(L1".F:0MDO::3-XD@.XPW"NOI:45J70LKK'OB/JMG31,23;"40?4Y0;=),22"6_A5T1F)T&3@NQ23RF-A43H+?Z6RN('8(WD7K7;ELE75:--=)BLX&B;WZZC-BXGHZP24,7:9KLK_4EP"O(&C?&S=N)/G)+SPSQYN4)+U8;:R/(=6-"V?ZW=ZY_YW)R0A!@;RXQNFY-CL0BTNYDRJ.9;;X"-CMLSBCAVI?G0PV!:_RDZG@8U?6M./F2,0MPTM-"7.LNI3XU,J_Y!HI&UMYVR/O)HPU&5,6@C;W6):CJY4RK"Q'LXB(J4@L&-7U

Message #40
(E(8,@_IQ25_DU;MMJ70N_M1JPM3WZVL,F&VBO@"U7NI@O@72):IMV.GP3FGUC?G+?W65BWVR.@FYWKR@DA3JSCOLAQD)=;+&@9N&&ROUKJBB@Y_(:HO"L00WBU=.TNX==NUM&HT(Z1U;TYBP?O+/-6&;&&:EFVVS9O_6';P5/UTZ/4_=Z_SXQX@_Q'U@Q'),K&6'WCGFM2EF13Y3WD7?JP11YUE'G.19ER8)B+,ML:0!B:,Q0N@ELN(=P:IL5(VFT7K2R,;E=8I=;,&BQ?ZA&QZ;AZ8DL4.FQX8FIQD8AIEO&5)")UO_U_54T3Q.@UJ&@DJ(KEVDF98.HF3T_H:73&!=RZ=B43(7H1-P-)EI-@J!O(HB;SOQH;X8(D&ISQ99X+X'@6.H=PELI)IS'-1L4K;VJCE7DT_P:+!V/;SXF!D@/?M9?+QR8GZBCY@MQH!N4BHE::A65"(90OOAG9A3+QL8E?C.:UVD(DU32&NE4XPOI9@G=72DI@!72KN36_MZ0FZ&'9@1=J-BY=4C2T+."3_:U-WK3W&;QSV9D(_):9(/8="!M==?'G!0OV)LGA@C&,M1-9J8@WQDUVNRD&94?OC@':ZLCL"?!WNFR5V4VG4WL!V8"CR0@B;''@=.'G_)X3M_3KFTRLAZ6.)RGK7S")05KI1!AX?-@'NZG6TEY2,9);_@("770XPHBJ)QH1VS&,LPW&/LT00;IS_1,XEL5DFJ:4I?D_?5ELEVF/_&KWISDU&WHTT2T;GWU/
