2 3 6
3
5
3
3
2 3 6
3
5
6
1
1
1
1
1
1
1
1
1
1
4 6 7
4 7
7
7
7
4 7
7
7
7
8
1 2 8
8
1
1 8
1
1 8
1 8
5
5
5
5
5
5
5
5
5
5
3
3
7
7
3
3
7
7
7
7
3
3
3
6
6
6
6
6
6
1 2 3 4 5 6
6
6
6
1
1
1
1
1
1
1
274
52 108
274
274
240
106
64
240
240
106
240
106
106
106
30
30
30
30
30
30
30
30
66
5 66 89
66
5
5 42 66 89 90
20
17 19 73
20
93
93
93
93
93
93
280
280
280
325
280
9
34
31
19
34
19
16
16
16
8
8
16
46
195 235
195 235
195 235
195 235
195 235
208
208
208
208
208
208
208
256
208
208
13
13
87
13
13
13
87
11
13
1
248
12
66
66
66
12
66
23
43
3 15 94
15 54
54
54
54
110
110
110
110
110
110
110
227
140
218
78 113
218
113 147
140
37
37 484
37 113
37
37 301
301
6
37
37
113
140
183
254
183
183
183
183
183
183
208 222 296
183 254
50
211
309
309
309
22
83
176
88
231
334
373
113
6
113
6
113
223
223
223
140
171
17 224 282
137
8
8
8
8
8
8
8
342
342
342
94 342
342
342
342
342
342
342
14
323
122
323
127
131
25
124 180
124
124
124
119
257
28 60
257
12
134
12 107 134
12 107 134
12 107 134
12 107 113 134
12
12
12
44
44
44
44
44
44
44
44
44
44
6
