2
13
6
5
11
34
4
13
8
1
24
3
7
30
21
25
4
18
6
28
6
2
5
10
9
2
6
7
4
3
18
3
1
6
30
12
8
18
14
14
7
4
4
18
31
9
3
20
7
1
14
3
12
39
18
7
4
23
12
21
27
9
4
21
2
8
9
2
6
14
9
4
5
10
12
1
18
3
18
6
14
14
8
10
3
2
20
27
18
25
7
23
4
16
8
27
4
16
13
10
21
24
3
2
32
6
4
23
22
2
22
16
16
10
28
23
8
1
18
2
21
13
12
7
5
27
2
1
22
14
2
15
34
16
13
2
0
6
22
20
11
18
6
27
20
3
16
18
41
29
34
5
11
6
19
19
21
29
6
14
2
15
3
8
9
30
9
4
11
49
14
41
3
2
23
6
19
11
22
6
9
5
2
25
15
3
10
31
4
1
24
9
3
2
18
3
13
0
26
1
8
17
11
28
13
35
11
14
5
4
6
44
12
30
17
24
7
23
1
4
23
10
9
30
22
8
2
14
16
7
1
28
3
1
14
21
34
4
39
6
0
5
30
5
4
4
2
15
15
29
3
24
14
16
35
6
35
10
0
27
8
33
8
16
10
2
4
5
16
18
7
10
3
6
17
6
31
18
23
6
9
1
11
7
12
1
13
22
3
7
17
27
33
4
17
5
27
28
0
13
7
7
24
1
5
1
11
29
23
8
4
18
11
24
16
27
14
20
4
11
6
6
24
14
11
12
30
20
5
3
18
6
9
1
8
6
12
16
13
18
6
7
2
22
35
1
6
2
22
3
3
1
28
5
7
28
17
9
41
27
17
8
7
10
3
43
3
7
5
18
8
29
3
5
11
12
21
9
38
1
26
4
18
1
4
8
8
20
19
1
25
26
25
9
21
17
15
21
10
2
1
9
18
2
1
9
12
26
21
7
7
5
25
24
15
44
29
20
6
21
2
15
8
10
15
14
3
2
3
6
20
22
1
10
15
14
17
3
9
6
12
1
16
20
4
5
8
12
9
2
1
6
9
28
4
26
23
6
13
2
25
9
5
8
12
36
7
7
11
2
19
6
20
5
21
3
8
15
5
3
18
11
28
3
2
8
23
7
16
6
11
3
5
2
1
5
9
23
13
8
9
10
37
9
21
22
1
4
27
18
29
2
13
3
4
6
8
12
16
3
14
13
21
17
2
31
12
17
32
32
17
11
15
9
23
30
24
20
9
3
7
8
1
2
4
6
22
9
0
10
2
7
15
23
3
15
6
6
5
29
12
14
8
5
20
4
1
36
16
7
15
15
12
29
6
6
7
2
8
3
26
23
2
15
15
12
23
5
13
10
7
9
1
6
12
4
11
4
8
7
6
12
20
33
12
9
11
5
12
22
22
10
3
10
2
12
7
11
11
2
3
3
23
25
12
0
9
1
4
16
11
13
26
2
7
9
32
2
2
6
1
11
1
27
27
6
7
25
13
17
27
4
6
1
7
1
16
17
1
44
33
8
22
8
19
18
4
2
3
6
3
12
15
8
22
17
1
11
2
24
11
8
9
22
21
4
5
19
12
11
30
20
13
24
12
4
7
5
6
37
6
19
4
3
1
21
34
33
8
8
14
8
10
12
28
3
19
8
11
16
9
16
11
16
19
7
8
24
9
5
2
3
10
27
17
14
13
3
6
39
16
8
14
3
10
6
4
10
18
4
2
2
22
8
17
9
15
19
1
15
41
33
6
34
3
5
13
4
3
21
9
3
18
4
46
2
24
10
8
16
28
7
11
5
9
1
18
18
11
17
21
0
6
6
4
2
11
1
29
24
1
19
24
14
5
6
12
5
7
2
18
5
2
3
13
3
31
11
13
7
15
1
28
4
16
37
10
20
17
7
28
13
3
3
20
23
18
6
2
2
1
4
8
15
13
7
2
15
4
40
16
14
5
7
16
20
6
7
35
3
19
0
14
14
20
29
20
21
24
3
23
2
5
6
2
1
4
6
26
24
30
37
4
17
37
1
16
10
7
10
5
39
7
4
9
5
2
8
20
15
23
6
12
3
25
21
29
9
9
14
7
28
11
38
26
16
1
31
5
3
23
11
32
9
1
22
6
9
5
2
16
7
30
5
7
4
6
21
8
2
14
25
9
7
10
1
21
18
18
5
2
4
14
23
12
7
15
5
5
16
6
29
7
1
11
28
11
17
9
13
1
5
8
1
10
22
25
23
4
22
2
4
27
3
36
26
5
26
1
9
26
1
22
12
15
2
22
1
7
1
4
